TN:
SF:C:/Users/Benny/Documents/GitHub/Andela/HelloBooks_bo/server/dist/app.js
FN:23,_interopRequireDefault
FN:40,(anonymous_1)
FNF:2
FNH:1
FNDA:4,_interopRequireDefault
FNDA:0,(anonymous_1)
DA:3,1
DA:7,1
DA:9,1
DA:11,1
DA:13,1
DA:15,1
DA:17,1
DA:19,1
DA:21,1
DA:23,4
DA:26,1
DA:29,1
DA:32,1
DA:33,1
DA:35,1
DA:40,1
DA:41,0
DA:46,1
LF:18
LH:17
BRDA:23,0,0,1
BRDA:23,0,1,3
BRDA:23,1,0,4
BRDA:23,1,1,4
BRF:4
BRH:4
end_of_record
TN:
SF:C:/Users/Benny/Documents/GitHub/Andela/HelloBooks_bo/server/dist/Helper/helper.js
FN:13,errorArray
FN:15,(anonymous_1)
FNF:2
FNH:0
FNDA:0,errorArray
FNDA:0,(anonymous_1)
DA:3,1
DA:6,1
DA:14,0
DA:15,0
DA:16,0
DA:18,0
DA:22,1
LF:7
LH:3
BRF:0
BRH:0
end_of_record
TN:
SF:C:/Users/Benny/Documents/GitHub/Andela/HelloBooks_bo/server/dist/controllers/books.js
FN:19,_interopRequireDefault
FN:24,create
FN:34,(anonymous_2)
FN:42,(anonymous_3)
FN:58,update
FN:59,(anonymous_5)
FN:68,(anonymous_6)
FN:71,(anonymous_7)
FN:84,(anonymous_8)
FN:88,getAllBooks
FN:89,(anonymous_10)
FN:98,(anonymous_11)
FNF:12
FNH:1
FNDA:3,_interopRequireDefault
FNDA:0,create
FNDA:0,(anonymous_2)
FNDA:0,(anonymous_3)
FNDA:0,update
FNDA:0,(anonymous_5)
FNDA:0,(anonymous_6)
FNDA:0,(anonymous_7)
FNDA:0,(anonymous_8)
FNDA:0,getAllBooks
FNDA:0,(anonymous_10)
FNDA:0,(anonymous_11)
DA:3,1
DA:7,1
DA:9,1
DA:11,1
DA:13,1
DA:15,1
DA:17,1
DA:19,3
DA:21,1
DA:23,1
DA:25,0
DA:26,0
DA:28,0
DA:35,0
DA:43,0
DA:44,0
DA:50,0
DA:59,0
DA:60,0
DA:61,0
DA:63,0
DA:64,0
DA:68,0
DA:69,0
DA:72,0
DA:73,0
DA:79,0
DA:85,0
DA:89,0
DA:90,0
DA:91,0
DA:96,0
DA:99,0
LF:33
LH:10
BRDA:19,0,0,3
BRDA:19,0,1,0
BRDA:19,1,0,3
BRDA:19,1,1,3
BRDA:25,2,0,0
BRDA:25,2,1,0
BRDA:43,3,0,0
BRDA:43,3,1,0
BRDA:60,4,0,0
BRDA:60,4,1,0
BRDA:63,5,0,0
BRDA:63,5,1,0
BRDA:72,6,0,0
BRDA:72,6,1,0
BRDA:90,7,0,0
BRDA:90,7,1,0
BRDA:90,8,0,0
BRDA:90,8,1,0
BRDA:90,8,2,0
BRF:19
BRH:3
end_of_record
TN:
SF:C:/Users/Benny/Documents/GitHub/Andela/HelloBooks_bo/server/dist/controllers/index.js
FN:19,_interopRequireDefault
FNF:1
FNH:1
FNDA:3,_interopRequireDefault
DA:3,1
DA:7,1
DA:9,1
DA:11,1
DA:13,1
DA:15,1
DA:17,1
DA:19,3
DA:21,1
LF:9
LH:9
BRDA:19,0,0,3
BRDA:19,0,1,0
BRDA:19,1,0,3
BRDA:19,1,1,3
BRF:4
BRH:3
end_of_record
TN:
SF:C:/Users/Benny/Documents/GitHub/Andela/HelloBooks_bo/server/dist/controllers/user.js
FN:23,_interopRequireDefault
FN:37,create
FN:46,(anonymous_2)
FN:52,(anonymous_3)
FN:54,(anonymous_4)
FN:66,signin
FN:73,(anonymous_6)
FN:95,(anonymous_7)
FNF:8
FNH:6
FNDA:4,_interopRequireDefault
FNDA:1,create
FNDA:0,(anonymous_2)
FNDA:1,(anonymous_3)
FNDA:1,(anonymous_4)
FNDA:2,signin
FNDA:0,(anonymous_6)
FNDA:2,(anonymous_7)
DA:3,1
DA:7,1
DA:9,1
DA:11,1
DA:13,1
DA:15,1
DA:17,1
DA:19,1
DA:21,1
DA:23,4
DA:25,1
DA:26,1
DA:27,1
DA:29,1
DA:39,1
DA:47,0
DA:48,0
DA:50,0
DA:54,1
DA:55,1
DA:56,1
DA:67,2
DA:75,0
DA:77,0
DA:80,0
DA:81,0
DA:82,0
DA:87,0
DA:93,0
DA:96,2
LF:30
LH:20
BRDA:23,0,0,2
BRDA:23,0,1,2
BRDA:23,1,0,4
BRDA:23,1,1,4
BRDA:47,2,0,0
BRDA:47,2,1,0
BRDA:55,3,0,1
BRDA:55,3,1,0
BRDA:75,4,0,0
BRDA:75,4,1,0
BRDA:80,5,0,0
BRDA:80,5,1,0
BRF:12
BRH:5
end_of_record
TN:
SF:C:/Users/Benny/Documents/GitHub/Andela/HelloBooks_bo/server/dist/controllers/userbooks.js
FN:15,_interopRequireDefault
FN:22,loanbook
FN:31,(anonymous_2)
FN:45,(anonymous_3)
FN:50,(anonymous_4)
FN:58,(anonymous_5)
FN:60,(anonymous_6)
FN:63,(anonymous_7)
FN:66,(anonymous_8)
FN:69,(anonymous_9)
FN:74,getborrowerslist
FN:81,(anonymous_11)
FN:88,(anonymous_12)
FN:92,returnbook
FN:100,(anonymous_14)
FN:113,(anonymous_15)
FN:118,(anonymous_16)
FN:126,(anonymous_17)
FN:128,(anonymous_18)
FN:131,(anonymous_19)
FN:135,(anonymous_20)
FNF:21
FNH:1
FNDA:2,_interopRequireDefault
FNDA:0,loanbook
FNDA:0,(anonymous_2)
FNDA:0,(anonymous_3)
FNDA:0,(anonymous_4)
FNDA:0,(anonymous_5)
FNDA:0,(anonymous_6)
FNDA:0,(anonymous_7)
FNDA:0,(anonymous_8)
FNDA:0,(anonymous_9)
FNDA:0,getborrowerslist
FNDA:0,(anonymous_11)
FNDA:0,(anonymous_12)
FNDA:0,returnbook
FNDA:0,(anonymous_14)
FNDA:0,(anonymous_15)
FNDA:0,(anonymous_16)
FNDA:0,(anonymous_17)
FNDA:0,(anonymous_18)
FNDA:0,(anonymous_19)
FNDA:0,(anonymous_20)
DA:3,1
DA:7,1
DA:9,1
DA:11,1
DA:13,1
DA:15,2
DA:17,1
DA:18,1
DA:19,1
DA:21,1
DA:23,0
DA:36,0
DA:37,0
DA:39,0
DA:46,0
DA:52,0
DA:53,0
DA:56,0
DA:59,0
DA:61,0
DA:64,0
DA:67,0
DA:71,0
DA:75,0
DA:82,0
DA:83,0
DA:85,0
DA:89,0
DA:93,0
DA:101,0
DA:102,0
DA:105,0
DA:114,0
DA:119,0
DA:120,0
DA:124,0
DA:127,0
DA:129,0
DA:132,0
DA:136,0
LF:40
LH:10
BRDA:15,0,0,2
BRDA:15,0,1,0
BRDA:15,1,0,2
BRDA:15,1,1,2
BRDA:36,2,0,0
BRDA:36,2,1,0
BRDA:52,3,0,0
BRDA:52,3,1,0
BRDA:52,4,0,0
BRDA:52,4,1,0
BRDA:82,5,0,0
BRDA:82,5,1,0
BRDA:101,6,0,0
BRDA:101,6,1,0
BRDA:119,7,0,0
BRDA:119,7,1,0
BRF:16
BRH:3
end_of_record
TN:
SF:C:/Users/Benny/Documents/GitHub/Andela/HelloBooks_bo/server/dist/models/books.js
FN:19,_interopRequireDefault
FN:21,(anonymous_1)
FN:39,set
FN:58,set
FN:78,set
FN:88,set
FN:114,(anonymous_6)
FNF:7
FNH:7
FNDA:3,_interopRequireDefault
FNDA:1,(anonymous_1)
FNDA:1,set
FNDA:1,set
FNDA:1,set
FNDA:1,set
FNDA:1,(anonymous_6)
DA:3,1
DA:7,1
DA:9,1
DA:11,1
DA:13,1
DA:15,1
DA:17,1
DA:19,3
DA:21,1
DA:22,1
DA:40,1
DA:59,1
DA:60,1
DA:79,1
DA:80,1
DA:89,1
DA:90,1
DA:114,1
DA:115,1
DA:122,1
LF:20
LH:20
BRDA:19,0,0,0
BRDA:19,0,1,3
BRDA:19,1,0,3
BRDA:19,1,1,3
BRDA:59,2,0,1
BRDA:59,2,1,0
BRDA:79,3,0,1
BRDA:79,3,1,0
BRDA:89,4,0,1
BRDA:89,4,1,0
BRF:10
BRH:6
end_of_record
TN:
SF:C:/Users/Benny/Documents/GitHub/Andela/HelloBooks_bo/server/dist/models/index.js
FN:23,_interopRequireDefault
FN:39,(anonymous_1)
FN:41,(anonymous_2)
FN:46,(anonymous_3)
FNF:4
FNH:4
FNDA:4,_interopRequireDefault
FNDA:4,(anonymous_1)
FNDA:3,(anonymous_2)
FNDA:3,(anonymous_3)
DA:3,1
DA:7,1
DA:9,1
DA:11,1
DA:13,1
DA:15,1
DA:17,1
DA:19,1
DA:21,1
DA:23,4
DA:25,1
DA:26,1
DA:28,1
DA:29,1
DA:31,1
DA:33,1
DA:34,0
DA:36,1
DA:39,1
DA:40,4
DA:42,3
DA:43,3
DA:46,1
DA:47,3
DA:48,3
DA:52,1
DA:53,1
DA:55,1
LF:28
LH:27
BRDA:23,0,0,0
BRDA:23,0,1,4
BRDA:23,1,0,4
BRDA:23,1,1,4
BRDA:25,2,0,1
BRDA:25,2,1,0
BRDA:33,3,0,0
BRDA:33,3,1,1
BRDA:40,4,0,4
BRDA:40,4,1,4
BRDA:40,4,2,3
BRDA:47,5,0,3
BRDA:47,5,1,0
BRF:13
BRH:9
end_of_record
TN:
SF:C:/Users/Benny/Documents/GitHub/Andela/HelloBooks_bo/server/dist/models/user.js
FN:15,_interopRequireDefault
FN:17,(anonymous_1)
FN:33,set
FN:54,set
FN:146,beforeCreate
FN:156,beforeUpdate
FN:163,(anonymous_6)
FN:171,(anonymous_7)
FNF:8
FNH:7
FNDA:2,_interopRequireDefault
FNDA:1,(anonymous_1)
FNDA:2,set
FNDA:2,set
FNDA:1,beforeCreate
FNDA:0,beforeUpdate
FNDA:1,(anonymous_6)
FNDA:1,(anonymous_7)
DA:3,1
DA:7,1
DA:9,1
DA:11,1
DA:13,1
DA:15,2
DA:17,1
DA:18,1
DA:34,2
DA:35,2
DA:55,2
DA:56,2
DA:149,1
DA:150,1
DA:152,0
DA:157,0
DA:158,0
DA:163,1
DA:164,1
DA:171,1
DA:172,1
DA:175,1
LF:22
LH:19
BRDA:15,0,0,0
BRDA:15,0,1,2
BRDA:15,1,0,2
BRDA:15,1,1,2
BRDA:34,2,0,2
BRDA:34,2,1,0
BRDA:55,3,0,2
BRDA:55,3,1,0
BRDA:149,4,0,1
BRDA:149,4,1,0
BRDA:157,5,0,0
BRDA:157,5,1,0
BRF:12
BRH:6
end_of_record
TN:
SF:C:/Users/Benny/Documents/GitHub/Andela/HelloBooks_bo/server/dist/models/userbooks.js
FN:11,_interopRequireDefault
FN:15,(anonymous_1)
FN:39,defaultValue
FN:51,beforeCreate
FN:61,(anonymous_4)
FNF:5
FNH:3
FNDA:1,_interopRequireDefault
FNDA:1,(anonymous_1)
FNDA:0,defaultValue
FNDA:0,beforeCreate
FNDA:1,(anonymous_4)
DA:3,1
DA:7,1
DA:9,1
DA:11,1
DA:13,1
DA:15,1
DA:16,1
DA:40,0
DA:52,0
DA:54,0
DA:61,1
DA:62,1
DA:67,1
DA:73,1
LF:14
LH:11
BRDA:11,0,0,0
BRDA:11,0,1,1
BRDA:11,1,0,1
BRDA:11,1,1,1
BRDA:52,2,0,0
BRDA:52,2,1,0
BRF:6
BRH:3
end_of_record
TN:
SF:C:/Users/Benny/Documents/GitHub/Andela/HelloBooks_bo/server/dist/routes/index.js
FN:15,_interopRequireDefault
FN:21,(anonymous_1)
FN:22,(anonymous_2)
FN:30,(anonymous_3)
FN:37,(anonymous_4)
FNF:5
FNH:3
FNDA:2,_interopRequireDefault
FNDA:1,(anonymous_1)
FNDA:0,(anonymous_2)
FNDA:6,(anonymous_3)
FNDA:0,(anonymous_4)
DA:3,1
DA:7,1
DA:9,1
DA:11,1
DA:13,1
DA:15,2
DA:17,1
DA:18,1
DA:19,1
DA:21,1
DA:22,1
DA:23,0
DA:28,1
DA:29,1
DA:30,1
DA:32,6
DA:35,6
DA:37,0
DA:38,0
DA:39,0
DA:42,0
DA:43,0
DA:48,6
DA:57,1
DA:58,1
DA:59,1
DA:60,1
DA:61,1
DA:62,1
LF:29
LH:23
BRDA:15,0,0,1
BRDA:15,0,1,1
BRDA:15,1,0,2
BRDA:15,1,1,2
BRDA:32,2,0,6
BRDA:32,2,1,6
BRDA:32,2,2,6
BRDA:35,3,0,0
BRDA:35,3,1,6
BRDA:38,4,0,0
BRDA:38,4,1,0
BRF:11
BRH:8
end_of_record
TN:
SF:C:/Users/Benny/Documents/GitHub/Andela/HelloBooks_bo/server/dist/test/testApi.js
FN:31,_interopRequireDefault
FN:50,(anonymous_1)
FN:52,(anonymous_2)
FN:63,(anonymous_3)
FN:75,(anonymous_4)
FN:85,(anonymous_5)
FN:86,(anonymous_6)
FN:87,(anonymous_7)
FN:92,(anonymous_8)
FN:93,(anonymous_9)
FN:100,(anonymous_10)
FN:101,(anonymous_11)
FN:109,(anonymous_12)
FN:114,(anonymous_13)
FN:115,(anonymous_14)
FN:136,(anonymous_15)
FN:137,(anonymous_16)
FN:143,(anonymous_17)
FN:144,(anonymous_18)
FN:145,(anonymous_19)
FN:150,(anonymous_20)
FN:151,(anonymous_21)
FN:161,(anonymous_22)
FN:162,(anonymous_23)
FN:163,(anonymous_24)
FN:169,(anonymous_25)
FN:170,(anonymous_26)
FN:180,(anonymous_27)
FN:181,(anonymous_28)
FN:192,(anonymous_29)
FN:202,(anonymous_30)
FN:210,(anonymous_31)
FN:211,(anonymous_32)
FN:212,(anonymous_33)
FN:220,(anonymous_34)
FN:221,(anonymous_35)
FN:227,(anonymous_36)
FN:234,(anonymous_37)
FN:238,(anonymous_38)
FNF:39
FNH:33
FNDA:7,_interopRequireDefault
FNDA:1,(anonymous_1)
FNDA:1,(anonymous_2)
FNDA:0,(anonymous_3)
FNDA:0,(anonymous_4)
FNDA:1,(anonymous_5)
FNDA:1,(anonymous_6)
FNDA:1,(anonymous_7)
FNDA:1,(anonymous_8)
FNDA:1,(anonymous_9)
FNDA:1,(anonymous_10)
FNDA:1,(anonymous_11)
FNDA:1,(anonymous_12)
FNDA:1,(anonymous_13)
FNDA:1,(anonymous_14)
FNDA:1,(anonymous_15)
FNDA:1,(anonymous_16)
FNDA:1,(anonymous_17)
FNDA:1,(anonymous_18)
FNDA:1,(anonymous_19)
FNDA:1,(anonymous_20)
FNDA:1,(anonymous_21)
FNDA:1,(anonymous_22)
FNDA:1,(anonymous_23)
FNDA:1,(anonymous_24)
FNDA:1,(anonymous_25)
FNDA:1,(anonymous_26)
FNDA:1,(anonymous_27)
FNDA:1,(anonymous_28)
FNDA:1,(anonymous_29)
FNDA:0,(anonymous_30)
FNDA:1,(anonymous_31)
FNDA:1,(anonymous_32)
FNDA:0,(anonymous_33)
FNDA:1,(anonymous_34)
FNDA:1,(anonymous_35)
FNDA:0,(anonymous_36)
FNDA:1,(anonymous_37)
FNDA:0,(anonymous_38)
DA:3,1
DA:5,1
DA:7,1
DA:9,1
DA:11,1
DA:13,1
DA:15,1
DA:17,1
DA:19,1
DA:21,1
DA:23,1
DA:25,1
DA:27,1
DA:29,1
DA:31,7
DA:34,1
DA:37,1
DA:40,1
DA:42,1
DA:45,1
DA:46,1
DA:50,1
DA:51,1
DA:52,1
DA:53,1
DA:54,1
DA:57,1
DA:64,0
DA:68,1
DA:76,0
DA:79,1
DA:85,1
DA:86,1
DA:87,1
DA:88,1
DA:89,1
DA:92,1
DA:93,1
DA:94,1
DA:95,1
DA:100,1
DA:101,1
DA:102,1
DA:110,1
DA:111,1
DA:114,1
DA:115,1
DA:116,1
DA:117,1
DA:136,1
DA:137,1
DA:138,1
DA:139,1
DA:143,1
DA:144,1
DA:145,1
DA:146,1
DA:147,1
DA:150,1
DA:151,1
DA:152,1
DA:153,1
DA:161,1
DA:162,1
DA:163,1
DA:164,1
DA:165,1
DA:169,1
DA:170,1
DA:171,1
DA:173,1
DA:174,0
DA:180,1
DA:181,1
DA:184,1
DA:185,1
DA:187,0
DA:192,1
DA:193,1
DA:202,1
DA:203,0
DA:204,0
DA:205,0
DA:210,1
DA:211,1
DA:212,1
DA:214,0
DA:215,0
DA:220,1
DA:221,1
DA:223,1
DA:228,0
DA:229,0
DA:234,1
DA:235,1
DA:239,0
DA:241,0
LF:97
LH:84
BRDA:31,0,0,3
BRDA:31,0,1,4
BRDA:31,1,0,7
BRDA:31,1,1,7
BRF:4
BRH:4
end_of_record
